>>> cc

./User/APP/UI/Dynamic/darw_dynamic.cpp:28:74: warning: ISO C++11 does not allow conversion from string literal to 'char *' [-Wwritable-strings]
            UI_send_queue.add(RM_RefereeSystem::RM_RefereeSystemSetArced("limPower", 1, limit_power, limit_power + 2, 960, 540, 380, 380));
                                                                         ^
./User/APP/UI/Dynamic/darw_dynamic.cpp:42:78: warning: ISO C++11 does not allow conversion from string literal to 'char *' [-Wwritable-strings]
                UI_send_queue.add(RM_RefereeSystem::RM_RefereeSystemSetArced("vis", 2, 184, 193, 956, 520, 360, 360));
                                                                             ^
./User/APP/UI/Dynamic/darw_dynamic.cpp:44:78: warning: ISO C++11 does not allow conversion from string literal to 'char *' [-Wwritable-strings]
                UI_send_queue.add(RM_RefereeSystem::RM_RefereeSystemSetArced("vis", 2, 175, 184, 956, 520, 360, 360));
                                                                             ^
./User/APP/UI/Dynamic/darw_dynamic.cpp:46:78: warning: ISO C++11 does not allow conversion from string literal to 'char *' [-Wwritable-strings]
                UI_send_queue.add(RM_RefereeSystem::RM_RefereeSystemSetArced("vis", 2, 166, 175, 956, 520, 360, 360));
                                                                             ^
./User/APP/UI/Dynamic/darw_dynamic.cpp:48:78: warning: ISO C++11 does not allow conversion from string literal to 'char *' [-Wwritable-strings]
                UI_send_queue.add(RM_RefereeSystem::RM_RefereeSystemSetArced("vis", 2, 166, 193, 956, 520, 360, 360));
                                                                             ^
./User/APP/UI/Dynamic/darw_dynamic.cpp:81:74: warning: ISO C++11 does not allow conversion from string literal to 'char *' [-Wwritable-strings]
            UI_send_queue.add(RM_RefereeSystem::RM_RefereeSystemSetArced("cd_Init", 3, 271, 271 + super_cap, 960, 540, 380, 380));
                                                                         ^
./User/APP/UI/Dynamic/darw_dynamic.cpp:97:79: warning: ISO C++11 does not allow conversion from string literal to 'char *' [-Wwritable-strings]
                UI_send_queue.add(RM_RefereeSystem::RM_RefereeSystemSetCircle("vsA", 4, aimX * 2.75 + 580, aimY * 2.05 + 275, 20));
                                                                              ^
./User/APP/UI/Dynamic/darw_dynamic.cpp:102:75: warning: ISO C++11 does not allow conversion from string literal to 'char *' [-Wwritable-strings]
            UI_send_queue.add(RM_RefereeSystem::RM_RefereeSystemSetCircle("vsA", 4, aimX * 2.75 + 580, aimY * 2.05 + 275, 20));
                                                                          ^
./User/APP/UI/Dynamic/darw_dynamic.cpp:106:75: warning: ISO C++11 does not allow conversion from string literal to 'char *' [-Wwritable-strings]
            UI_send_queue.add(RM_RefereeSystem::RM_RefereeSystemSetCircle("vsA", 4, aimX * 2.75 + 580, aimY * 2.05 + 275, 20));
                                                                          ^
./User/APP/UI/Dynamic/darw_dynamic.cpp:139:74: warning: ISO C++11 does not allow conversion from string literal to 'char *' [-Wwritable-strings]
            UI_send_queue.add(RM_RefereeSystem::RM_RefereeSystemSetArced("power", 1, power, power + 2, 960, 540, 380, 380));
                                                                         ^
./User/APP/UI/Dynamic/darw_dynamic.cpp:152:74: warning: ISO C++11 does not allow conversion from string literal to 'char *' [-Wwritable-strings]
            UI_send_queue.add(RM_RefereeSystem::RM_RefereeSystemSetArced("gyro_Init", 2, yaw_e_rad + 210, yaw_e_rad + 160, 1450, 750, 80, 80));
                                                                         ^
./User/APP/UI/Dynamic/darw_dynamic.cpp:159:73: warning: ISO C++11 does not allow conversion from string literal to 'char *' [-Wwritable-strings]
            UI_send_queue.add(RM_RefereeSystem::RM_RefereeSystemSetLine("dp1", 0, 1450, 690, 1450, vel + 690));
                                                                        ^
12 warnings generated.
./User/APP/UI/Static/darw_static.cpp:41:71: warning: ISO C++11 does not allow conversion from string literal to 'char *' [-Wwritable-strings]
        UI_send_queue.add(RM_RefereeSystem::RM_RefereeSystemSetCircle("W", 0, 954, 495, 6));
                                                                      ^
./User/APP/UI/Static/darw_static.cpp:58:70: warning: ISO C++11 does not allow conversion from string literal to 'char *' [-Wwritable-strings]
        UI_send_queue.add(RM_RefereeSystem::RM_RefereeSystemSetArced("power", 1, 100, 100 + 2, 960, 540, 380, 380));
                                                                     ^
./User/APP/UI/Static/darw_static.cpp:62:70: warning: ISO C++11 does not allow conversion from string literal to 'char *' [-Wwritable-strings]
        UI_send_queue.add(RM_RefereeSystem::RM_RefereeSystemSetArced("limPower", 1, 120, 120 + 2, 960, 540, 380, 380));
                                                                     ^
./User/APP/UI/Static/darw_static.cpp:66:70: warning: ISO C++11 does not allow conversion from string literal to 'char *' [-Wwritable-strings]
        UI_send_queue.add(RM_RefereeSystem::RM_RefereeSystemSetArced("cd_Init", 3, 271, 310, 960, 540, 380, 380));
                                                                     ^
./User/APP/UI/Static/darw_static.cpp:70:70: warning: ISO C++11 does not allow conversion from string literal to 'char *' [-Wwritable-strings]
        UI_send_queue.add(RM_RefereeSystem::RM_RefereeSystemSetArced("gyro_Init", 2, 0, 360, 1450, 750, 80, 80));
                                                                     ^
./User/APP/UI/Static/darw_static.cpp:74:69: warning: ISO C++11 does not allow conversion from string literal to 'char *' [-Wwritable-strings]
        UI_send_queue.add(RM_RefereeSystem::RM_RefereeSystemSetLine("dp1", 0, 1450, 690, 1450, 750 + 61));
                                                                    ^
./User/APP/UI/Static/darw_static.cpp:80:68: warning: ISO C++11 does not allow conversion from string literal to 'char *' [-Wwritable-strings]
        UI_send_queue.add(RM_RefereeSystem::RM_RefereeSystemSetInt("p", 0, BSP::Power::pm01.cin_power, ZM_of_X, ZM_of_Y));
                                                                   ^
./User/APP/UI/Static/darw_static.cpp:84:70: warning: ISO C++11 does not allow conversion from string literal to 'char *' [-Wwritable-strings]
        UI_send_queue.add(RM_RefereeSystem::RM_RefereeSystemSetArced("vim", 0, 166, 193, 956, 520, 360, 360));
                                                                     ^
./User/APP/UI/Static/darw_static.cpp:89:71: warning: ISO C++11 does not allow conversion from string literal to 'char *' [-Wwritable-strings]
        UI_send_queue.add(RM_RefereeSystem::RM_RefereeSystemSetCircle("vsA", 4, Gimbal_to_Chassis_Data.getAimX() * 2.72 + 615, Gimbal_to_Chassis_Data.getAimY() * 2.05 + 265, 12));
                                                                      ^
./User/APP/UI/Static/darw_static.cpp:95:70: warning: ISO C++11 does not allow conversion from string literal to 'char *' [-Wwritable-strings]
        UI_send_queue.add(RM_RefereeSystem::RM_RefereeSystemSetArced("angle_130", 0, 50, 51, 960, 540, 380, 380));
                                                                     ^
./User/APP/UI/Static/darw_static.cpp:97:70: warning: ISO C++11 does not allow conversion from string literal to 'char *' [-Wwritable-strings]
        UI_send_queue.add(RM_RefereeSystem::RM_RefereeSystemSetArced("angle_120", 1, 60, 61, 960, 540, 380, 380));
                                                                     ^
./User/APP/UI/Static/darw_static.cpp:99:70: warning: ISO C++11 does not allow conversion from string literal to 'char *' [-Wwritable-strings]
        UI_send_queue.add(RM_RefereeSystem::RM_RefereeSystemSetArced("angle_110", 2, 70, 71, 960, 540, 380, 380));
                                                                     ^
./User/APP/UI/Static/darw_static.cpp:101:70: warning: ISO C++11 does not allow conversion from string literal to 'char *' [-Wwritable-strings]
        UI_send_queue.add(RM_RefereeSystem::RM_RefereeSystemSetArced("angle_100", 3, 80, 81, 960, 540, 380, 380));
                                                                     ^
./User/APP/UI/Static/darw_static.cpp:103:70: warning: ISO C++11 does not allow conversion from string literal to 'char *' [-Wwritable-strings]
        UI_send_queue.add(RM_RefereeSystem::RM_RefereeSystemSetArced("angle_90", 4, 90, 91, 960, 540, 380, 380));
                                                                     ^
./User/APP/UI/Static/darw_static.cpp:105:70: warning: ISO C++11 does not allow conversion from string literal to 'char *' [-Wwritable-strings]
        UI_send_queue.add(RM_RefereeSystem::RM_RefereeSystemSetArced("angle_80", 5, 100, 101, 960, 540, 380, 380));
                                                                     ^
./User/APP/UI/Static/darw_static.cpp:107:70: warning: ISO C++11 does not allow conversion from string literal to 'char *' [-Wwritable-strings]
        UI_send_queue.add(RM_RefereeSystem::RM_RefereeSystemSetArced("angle_60", 6, 110, 111, 960, 540, 380, 380));
                                                                     ^
./User/APP/UI/Static/darw_static.cpp:109:70: warning: ISO C++11 does not allow conversion from string literal to 'char *' [-Wwritable-strings]
        UI_send_queue.add(RM_RefereeSystem::RM_RefereeSystemSetArced("angle_50", 7, 120, 121, 960, 540, 380, 380));
                                                                     ^
./User/APP/UI/Static/darw_static.cpp:111:70: warning: ISO C++11 does not allow conversion from string literal to 'char *' [-Wwritable-strings]
        UI_send_queue.add(RM_RefereeSystem::RM_RefereeSystemSetArced("angle_50", 8, 130, 131, 960, 540, 380, 380));
                                                                     ^
./User/APP/UI/Static/darw_static.cpp:117:68: warning: ISO C++11 does not allow conversion from string literal to 'char *' [-Wwritable-strings]
        UI_send_queue.add(RM_RefereeSystem::RM_RefereeSystemSetInt("write_130", 0, 120, 1210, 770));
                                                                   ^
./User/APP/UI/Static/darw_static.cpp:118:68: warning: ISO C++11 does not allow conversion from string literal to 'char *' [-Wwritable-strings]
        UI_send_queue.add(RM_RefereeSystem::RM_RefereeSystemSetInt("write_110", 1, 90, 1270, 660));
                                                                   ^
./User/APP/UI/Static/darw_static.cpp:119:68: warning: ISO C++11 does not allow conversion from string literal to 'char *' [-Wwritable-strings]
        UI_send_queue.add(RM_RefereeSystem::RM_RefereeSystemSetInt("write_90", 2, 60, 1300, 540));
                                                                   ^
./User/APP/UI/Static/darw_static.cpp:120:68: warning: ISO C++11 does not allow conversion from string literal to 'char *' [-Wwritable-strings]
        UI_send_queue.add(RM_RefereeSystem::RM_RefereeSystemSetInt("write_70", 3, 30, 1280, 420));
                                                                   ^
./User/APP/UI/Static/darw_static.cpp:121:68: warning: ISO C++11 does not allow conversion from string literal to 'char *' [-Wwritable-strings]
        UI_send_queue.add(RM_RefereeSystem::RM_RefereeSystemSetInt("write_50", 4, 0, 1210, 310));
                                                                   ^
./User/APP/UI/Static/darw_static.cpp:127:69: warning: ISO C++11 does not allow conversion from string literal to 'char *' [-Wwritable-strings]
        UI_send_queue.add(RM_RefereeSystem::RM_RefereeSystemSetLine("cd1", 2, 570, 540, 595, 540));
                                                                    ^
./User/APP/UI/Static/darw_static.cpp:131:69: warning: ISO C++11 does not allow conversion from string literal to 'char *' [-Wwritable-strings]
        UI_send_queue.add(RM_RefereeSystem::RM_RefereeSystemSetLine("cd2", 2, 673, 800, 690, 785));
                                                                    ^
./User/APP/UI/Static/darw_static.cpp:136:71: warning: ISO C++11 does not allow conversion from string literal to 'char *' [-Wwritable-strings]
        UI_send_queue.add(RM_RefereeSystem::RM_RefereeSystemSetCircle("xtl_in", 2, 1450, 750, 67));
                                                                      ^
./User/APP/UI/Static/darw_static.cpp:141:60: warning: ISO C++11 does not allow conversion from string literal to 'char *' [-Wwritable-strings]
            RM_RefereeSystem::RM_RefereeSystemSetRectangle("dp9", 2, 1450 - 20, 750 - 61, 1450 + 20, 750 + 62));
                                                           ^
./User/APP/UI/Static/darw_static.cpp:145:70: warning: ISO C++11 does not allow conversion from string literal to 'char *' [-Wwritable-strings]
        UI_send_queue.add(RM_RefereeSystem::RM_RefereeSystemSetArced("vis", 2, 166, 193, 956, 520, 360, 360));
                                                                     ^
28 warnings generated.
./User/Task/PowerTask.cpp:17:10: error: declaration conflicts with target of using declaration already in scope
uint16_t time = 2;
         ^
D:\Keil5\ARM\ARMCLANG\bin\..\include\time.h:156:23: note: target of using declaration
extern _ARMABI time_t time(time_t * /*timer*/);
                      ^
D:\Keil5\ARM\ARMCLANG\bin\..\include\time.h:271:20: note: using declaration
      using ::std::time;
                   ^
./User/Task/PowerTask.cpp:25:9: error: no matching function for call to 'osDelay'
        osDelay(time);
        ^~~~~~~
../Middlewares/Third_Party/FreeRTOS/Source/CMSIS_RTOS_V2\cmsis_os2.h:459:12: note: candidate function not viable: no known conversion from 'std::time_t (std::time_t *) __attribute__((nothrow))' (aka 'unsigned int (unsigned int *) __attribute__((nothrow))') to 'std::uint32_t' (aka 'unsigned int') for 1st argument
osStatus_t osDelay (uint32_t ticks);
           ^
2 errors generated.

>>> ld

