30000.000000
30000.000000
30000.000000
30000.000000
30000.000000
30000.000000
30000.000000
30000.000000
14711.732422
-18968.708984
-30000.000000
-30000.000000
-30000.000000
-30000.000000
-30000.000000
-30000.000000
-30000.000000
-30000.000000
-30000.000000
7753.178711
30000.000000
30000.000000
30000.000000
30000.000000
30000.000000
30000.000000
30000.000000
30000.000000
23186.009766
-12681.042969
-30000.000000
-30000.000000
-30000.000000
-30000.000000
-30000.000000
-30000.000000
-30000.000000
-30000.000000
-30000.000000
4393.035645
30000.000000
30000.000000
30000.000000
30000.000000
30000.000000
30000.000000
30000.000000
30000.000000
8132.169922
-27446.767578
-30000.000000
-30000.000000
-30000.000000
-30000.000000
30000.000000
30000.000000
30000.000000
30000.000000
-30000.000000
-4025.629639
23674.843750
30000.000000
30000.000000
30000.000000
30000.000000
30000.000000
30000.000000
30000.000000
-469.233826
-30000.000000
-30000.000000
-30000.000000
-30000.000000
-30000.000000
30000.000000
30000.000000
30000.000000
30000.000000
-30000.000000
4456.634766
11016.346680
5301.608398
4974.247559
4002.463867
2315.003662
-2720.011475
-3646.177979
-5414.878418
-6549.644043
-11470.359375
-6756.613770
-4458.505371
-3718.205322
-4472.122559
-3738.411377
1040.546753
9331.379883
19072.558594
30000.000000
30000.000000
30000.000000
30000.000000
-30000.000000
-5334.675293
-2899.655518
-6608.937988
-22392.320313
-30000.000000
-30000.000000
-30000.000000
13921.747070
-3868.518311
-3472.338135
-3085.027100
-2111.763184
1975.058472
7374.068848
3421.910889
5376.866699
5265.333008
5160.156250
4803.171875
3694.925781
2528.946533
1790.440552
-2447.343506
-3549.311523
-4406.552246
-5259.478516
-5271.605469
-7553.113281
-4663.611816
-15066.193359
-21938.484375
-20378.458984
-11958.388672
2700.647949
21694.291016
30000.000000
30000.000000
30000.000000
-30000.000000
-11728.801758
-1205.162476
-3166.477783
-10475.924805
-23903.492188
-30000.000000
-30000.000000
-30000.000000
27871.267578
-878.118591
-11220.255859
-25411.908203
-29480.791016
-18338.539063
-2702.917480
14630.782227
30000.000000
30000.000000
30000.000000
30000.000000
-30000.000000
-21954.935547
-18453.582031
-25664.847656
-30000.000000
-30000.000000
-30000.000000
30000.000000
6042.132813
-6826.156250
-19492.455078
-21360.392578
-19631.914063
-12496.852539
-1644.442505
8325.498047
20353.431641
30000.000000
30000.000000
30000.000000
-30000.000000
-19525.345703
-14449.577148
-22889.171875
-30000.000000
-30000.000000
-30000.000000
30000.000000
12128.678711
-9267.333984
-21932.468750
-29852.125000
-27706.330078
-16366.799805
-2464.441650
12001.854492
30000.000000
30000.000000
30000.000000
30000.000000
-23949.771484
283.492432
387.832855
-5441.389160
-23586.628906
-30000.000000
-30000.000000
-30000.000000
30000.000000
5881.447754
-13274.789063
-24894.552734
-27547.298828
-18470.011719
-1662.209595
18866.947266
30000.000000
30000.000000
30000.000000
-30000.000000
-30000.000000
-18996.845703
-16490.080078
-24569.507813
-30000.000000
-30000.000000
-30000.000000
30000.000000
19785.263672
-5039.917969
-20200.062500
-30000.000000
-30000.000000
-19199.232422
-1804.244751
15947.513672
30000.000000
30000.000000
30000.000000
-30000.000000
-30000.000000
-16442.365234
-14180.278320
-22039.355469
-30000.000000
-30000.000000
-30000.000000
30000.000000
8323.724609
-6839.962891
-3839.410645
-7507.609863
-7480.051270
-821.757751
7367.480957
5060.981445
6091.687500
7917.173340
10932.890625
4774.210449
3680.995850
4542.197754
2878.767578
-2432.937744
-4677.819336
-7175.559082
-20049.611328
-30000.000000
-30000.000000
-30000.000000
30000.000000
30000.000000
30000.000000
30000.000000
30000.000000
30000.000000
30000.000000
-30000.000000
883.526306
25219.210938
30000.000000
30000.000000
30000.000000
30000.000000
29467.421875
1905.055420
-22364.652344
-30000.000000
-30000.000000
-30000.000000
30000.000000
30000.000000
30000.000000
30000.000000
30000.000000
30000.000000
-30000.000000
-30000.000000
