-10159.170898
17658.527344
30000.000000
30000.000000
30000.000000
16212.003906
-2333.401855
16454.000000
12706.000000
-13502.000000
-19509.000000
-20391.000000
-20131.000000
-20058.000000
-20028.000000
-19798.000000
-20049.000000
-19840.000000
-19962.000000
4980.000000
19857.000000
19816.000000
19711.000000
19734.000000
19683.000000
19555.000000
19603.000000
19529.000000
18956.000000
-8714.000000
-19323.000000
-19484.000000
-19418.000000
-19391.000000
-19337.000000
-19301.000000
-19268.000000
-19231.000000
-19198.000000
2236.000000
16716.000000
15561.000000
15539.000000
15670.000000
16307.000000
17288.000000
17265.000000
17071.000000
7520.000000
-17244.000000
-16246.000000
-15447.000000
-15433.000000
-15416.000000
17092.000000
16598.000000
18465.000000
18495.000000
-16850.000000
-4327.000000
15691.000000
19387.000000
18980.000000
18919.000000
18810.000000
18783.000000
18799.000000
18751.000000
1041.000000
-19283.000000
-15023.000000
-15397.000000
-16544.000000
-16572.000000
13544.000000
16802.000000
15072.000000
15970.000000
-14980.000000
1674.000000
5935.000000
1760.000000
2230.000000
2032.000000
1535.000000
-1346.000000
-1164.000000
-2113.000000
-2622.000000
-6398.000000
-2131.000000
-1144.000000
-1370.000000
-2543.000000
-2732.000000
-5.000000
6107.000000
12587.000000
14985.000000
15542.000000
15400.000000
15624.000000
-15658.000000
-4363.000000
-2141.000000
-4524.000000
-15326.000000
-16639.000000
-15069.000000
-15113.000000
7075.000000
-889.000000
-1134.000000
-1421.000000
-1426.000000
719.000000
4157.000000
660.000000
1622.000000
1299.000000
1368.000000
1507.000000
1301.000000
949.000000
1233.000000
-1139.000000
-1081.000000
-1262.000000
-1523.000000
-1309.000000
-3445.000000
-1356.000000
-10644.000000
-16600.000000
-16369.000000
-10161.000000
1219.000000
14979.000000
16251.000000
16570.000000
17239.000000
-16462.000000
-9190.000000
-1687.000000
-2426.000000
-7723.000000
-16346.000000
-16065.000000
-15833.000000
-15637.000000
14632.000000
889.000000
-7868.000000
-17284.000000
-17443.000000
-14481.000000
-2945.000000
9666.000000
18719.000000
15699.000000
15702.000000
15191.000000
-18962.000000
-14957.000000
-13438.000000
-15951.000000
-16700.000000
-16864.000000
-16189.000000
6624.000000
5186.000000
-3332.000000
-13381.000000
-15339.000000
-15512.000000
-9958.000000
-2228.000000
4245.000000
14280.000000
18802.000000
17324.000000
16365.000000
-11516.000000
-12777.000000
-10874.000000
-15219.000000
-15075.000000
-15007.000000
-15005.000000
4979.000000
9810.000000
-5661.000000
-15428.000000
-15046.000000
-18344.000000
-13038.000000
-2696.000000
7343.000000
14743.000000
14684.000000
16561.000000
16604.000000
-13225.000000
-508.000000
203.000000
-3733.000000
-15844.000000
-15179.000000
-15081.000000
-15023.000000
15379.000000
5494.000000
-9222.000000
-16656.000000
-18211.000000
-14176.000000
-1976.000000
12484.000000
14951.000000
16609.000000
16440.000000
-18678.000000
-15977.000000
-14007.000000
-11965.000000
-16172.000000
-15811.000000
-15303.000000
-14907.000000
6566.000000
15069.000000
-2280.000000
-13631.000000
-14916.000000
-16227.000000
-14403.000000
-2028.000000
10376.000000
18361.000000
19031.000000
19004.000000
-15633.000000
-15899.000000
-12157.000000
-10440.000000
-14304.000000
-16140.000000
-16169.000000
-16000.000000
10746.000000
6758.000000
-3241.000000
-1361.000000
-5101.000000
-5512.000000
-1337.000000
4288.000000
1724.000000
2067.000000
3283.000000
5995.000000
1264.000000
1243.000000
2467.000000
1949.000000
-1159.000000
-2004.000000
-3455.000000
-13425.000000
-15513.000000
-16598.000000
-14957.000000
7017.000000
15352.000000
18309.000000
18424.000000
18038.000000
17598.000000
17463.000000
-15076.000000
-974.000000
18005.000000
17173.000000
16157.000000
14852.000000
14659.000000
16177.000000
2556.000000
-15190.000000
-18757.000000
-17413.000000
-16291.000000
17463.000000
18493.000000
18537.000000
18496.000000
18464.000000
18404.000000
-7068.000000
-15852.000000
